<?xml version="1.0" encoding="UTF-8"?>
<testsuite xmlns:xsi="http://www.w3.org/2001/XMLSchema-instance" xsi:noNamespaceSchemaLocation="https://maven.apache.org/surefire/maven-surefire-plugin/xsd/surefire-test-report.xsd" name="br.com.valdenirsantana.pocresilience4j.PocResilience4jApplicationTests" time="2.114" tests="1" errors="0" skipped="0" failures="0">
  <properties>
    <property name="java.specification.version" value="18"/>
    <property name="sun.jnu.encoding" value="UTF-8"/>
    <property name="java.class.path" value="/Users/valdenirsantana/Documents/Java/poc-resilience4j/target/test-classes:/Users/valdenirsantana/Documents/Java/poc-resilience4j/target/classes:/Users/valdenirsantana/.m2/repository/org/springframework/boot/spring-boot-starter-actuator/2.7.3/spring-boot-starter-actuator-2.7.3.jar:/Users/valdenirsantana/.m2/repository/org/springframework/boot/spring-boot-starter/2.7.3/spring-boot-starter-2.7.3.jar:/Users/valdenirsantana/.m2/repository/org/springframework/boot/spring-boot/2.7.3/spring-boot-2.7.3.jar:/Users/valdenirsantana/.m2/repository/org/springframework/boot/spring-boot-autoconfigure/2.7.3/spring-boot-autoconfigure-2.7.3.jar:/Users/valdenirsantana/.m2/repository/org/springframework/boot/spring-boot-starter-logging/2.7.3/spring-boot-starter-logging-2.7.3.jar:/Users/valdenirsantana/.m2/repository/ch/qos/logback/logback-classic/1.2.11/logback-classic-1.2.11.jar:/Users/valdenirsantana/.m2/repository/ch/qos/logback/logback-core/1.2.11/logback-core-1.2.11.jar:/Users/valdenirsantana/.m2/repository/org/apache/logging/log4j/log4j-to-slf4j/2.17.2/log4j-to-slf4j-2.17.2.jar:/Users/valdenirsantana/.m2/repository/org/apache/logging/log4j/log4j-api/2.17.2/log4j-api-2.17.2.jar:/Users/valdenirsantana/.m2/repository/org/slf4j/jul-to-slf4j/1.7.36/jul-to-slf4j-1.7.36.jar:/Users/valdenirsantana/.m2/repository/jakarta/annotation/jakarta.annotation-api/1.3.5/jakarta.annotation-api-1.3.5.jar:/Users/valdenirsantana/.m2/repository/org/yaml/snakeyaml/1.30/snakeyaml-1.30.jar:/Users/valdenirsantana/.m2/repository/org/springframework/boot/spring-boot-actuator-autoconfigure/2.7.3/spring-boot-actuator-autoconfigure-2.7.3.jar:/Users/valdenirsantana/.m2/repository/org/springframework/boot/spring-boot-actuator/2.7.3/spring-boot-actuator-2.7.3.jar:/Users/valdenirsantana/.m2/repository/com/fasterxml/jackson/core/jackson-databind/2.13.3/jackson-databind-2.13.3.jar:/Users/valdenirsantana/.m2/repository/com/fasterxml/jackson/core/jackson-annotations/2.13.3/jackson-annotations-2.13.3.jar:/Users/valdenirsantana/.m2/repository/com/fasterxml/jackson/core/jackson-core/2.13.3/jackson-core-2.13.3.jar:/Users/valdenirsantana/.m2/repository/com/fasterxml/jackson/datatype/jackson-datatype-jsr310/2.13.3/jackson-datatype-jsr310-2.13.3.jar:/Users/valdenirsantana/.m2/repository/io/micrometer/micrometer-core/1.9.3/micrometer-core-1.9.3.jar:/Users/valdenirsantana/.m2/repository/org/hdrhistogram/HdrHistogram/2.1.12/HdrHistogram-2.1.12.jar:/Users/valdenirsantana/.m2/repository/org/latencyutils/LatencyUtils/2.0.3/LatencyUtils-2.0.3.jar:/Users/valdenirsantana/.m2/repository/io/micrometer/micrometer-registry-prometheus/1.9.3/micrometer-registry-prometheus-1.9.3.jar:/Users/valdenirsantana/.m2/repository/io/prometheus/simpleclient_common/0.15.0/simpleclient_common-0.15.0.jar:/Users/valdenirsantana/.m2/repository/io/prometheus/simpleclient/0.15.0/simpleclient-0.15.0.jar:/Users/valdenirsantana/.m2/repository/io/prometheus/simpleclient_tracer_otel/0.15.0/simpleclient_tracer_otel-0.15.0.jar:/Users/valdenirsantana/.m2/repository/io/prometheus/simpleclient_tracer_common/0.15.0/simpleclient_tracer_common-0.15.0.jar:/Users/valdenirsantana/.m2/repository/io/prometheus/simpleclient_tracer_otel_agent/0.15.0/simpleclient_tracer_otel_agent-0.15.0.jar:/Users/valdenirsantana/.m2/repository/org/springframework/boot/spring-boot-starter-web/2.7.3/spring-boot-starter-web-2.7.3.jar:/Users/valdenirsantana/.m2/repository/org/springframework/boot/spring-boot-starter-json/2.7.3/spring-boot-starter-json-2.7.3.jar:/Users/valdenirsantana/.m2/repository/com/fasterxml/jackson/datatype/jackson-datatype-jdk8/2.13.3/jackson-datatype-jdk8-2.13.3.jar:/Users/valdenirsantana/.m2/repository/com/fasterxml/jackson/module/jackson-module-parameter-names/2.13.3/jackson-module-parameter-names-2.13.3.jar:/Users/valdenirsantana/.m2/repository/org/springframework/boot/spring-boot-starter-tomcat/2.7.3/spring-boot-starter-tomcat-2.7.3.jar:/Users/valdenirsantana/.m2/repository/org/apache/tomcat/embed/tomcat-embed-core/9.0.65/tomcat-embed-core-9.0.65.jar:/Users/valdenirsantana/.m2/repository/org/apache/tomcat/embed/tomcat-embed-el/9.0.65/tomcat-embed-el-9.0.65.jar:/Users/valdenirsantana/.m2/repository/org/apache/tomcat/embed/tomcat-embed-websocket/9.0.65/tomcat-embed-websocket-9.0.65.jar:/Users/valdenirsantana/.m2/repository/org/springframework/spring-web/5.3.22/spring-web-5.3.22.jar:/Users/valdenirsantana/.m2/repository/org/springframework/spring-beans/5.3.22/spring-beans-5.3.22.jar:/Users/valdenirsantana/.m2/repository/org/springframework/spring-webmvc/5.3.22/spring-webmvc-5.3.22.jar:/Users/valdenirsantana/.m2/repository/org/springframework/spring-context/5.3.22/spring-context-5.3.22.jar:/Users/valdenirsantana/.m2/repository/org/springframework/spring-expression/5.3.22/spring-expression-5.3.22.jar:/Users/valdenirsantana/.m2/repository/org/springframework/boot/spring-boot-starter-test/2.7.3/spring-boot-starter-test-2.7.3.jar:/Users/valdenirsantana/.m2/repository/org/springframework/boot/spring-boot-test/2.7.3/spring-boot-test-2.7.3.jar:/Users/valdenirsantana/.m2/repository/org/springframework/boot/spring-boot-test-autoconfigure/2.7.3/spring-boot-test-autoconfigure-2.7.3.jar:/Users/valdenirsantana/.m2/repository/com/jayway/jsonpath/json-path/2.7.0/json-path-2.7.0.jar:/Users/valdenirsantana/.m2/repository/net/minidev/json-smart/2.4.8/json-smart-2.4.8.jar:/Users/valdenirsantana/.m2/repository/net/minidev/accessors-smart/2.4.8/accessors-smart-2.4.8.jar:/Users/valdenirsantana/.m2/repository/org/ow2/asm/asm/9.1/asm-9.1.jar:/Users/valdenirsantana/.m2/repository/jakarta/xml/bind/jakarta.xml.bind-api/2.3.3/jakarta.xml.bind-api-2.3.3.jar:/Users/valdenirsantana/.m2/repository/jakarta/activation/jakarta.activation-api/1.2.2/jakarta.activation-api-1.2.2.jar:/Users/valdenirsantana/.m2/repository/org/assertj/assertj-core/3.22.0/assertj-core-3.22.0.jar:/Users/valdenirsantana/.m2/repository/org/hamcrest/hamcrest/2.2/hamcrest-2.2.jar:/Users/valdenirsantana/.m2/repository/org/junit/jupiter/junit-jupiter/5.8.2/junit-jupiter-5.8.2.jar:/Users/valdenirsantana/.m2/repository/org/junit/jupiter/junit-jupiter-api/5.8.2/junit-jupiter-api-5.8.2.jar:/Users/valdenirsantana/.m2/repository/org/opentest4j/opentest4j/1.2.0/opentest4j-1.2.0.jar:/Users/valdenirsantana/.m2/repository/org/junit/platform/junit-platform-commons/1.8.2/junit-platform-commons-1.8.2.jar:/Users/valdenirsantana/.m2/repository/org/apiguardian/apiguardian-api/1.1.2/apiguardian-api-1.1.2.jar:/Users/valdenirsantana/.m2/repository/org/junit/jupiter/junit-jupiter-params/5.8.2/junit-jupiter-params-5.8.2.jar:/Users/valdenirsantana/.m2/repository/org/junit/jupiter/junit-jupiter-engine/5.8.2/junit-jupiter-engine-5.8.2.jar:/Users/valdenirsantana/.m2/repository/org/junit/platform/junit-platform-engine/1.8.2/junit-platform-engine-1.8.2.jar:/Users/valdenirsantana/.m2/repository/org/mockito/mockito-core/4.5.1/mockito-core-4.5.1.jar:/Users/valdenirsantana/.m2/repository/net/bytebuddy/byte-buddy/1.12.13/byte-buddy-1.12.13.jar:/Users/valdenirsantana/.m2/repository/net/bytebuddy/byte-buddy-agent/1.12.13/byte-buddy-agent-1.12.13.jar:/Users/valdenirsantana/.m2/repository/org/objenesis/objenesis/3.2/objenesis-3.2.jar:/Users/valdenirsantana/.m2/repository/org/mockito/mockito-junit-jupiter/4.5.1/mockito-junit-jupiter-4.5.1.jar:/Users/valdenirsantana/.m2/repository/org/skyscreamer/jsonassert/1.5.1/jsonassert-1.5.1.jar:/Users/valdenirsantana/.m2/repository/com/vaadin/external/google/android-json/0.0.20131108.vaadin1/android-json-0.0.20131108.vaadin1.jar:/Users/valdenirsantana/.m2/repository/org/springframework/spring-core/5.3.22/spring-core-5.3.22.jar:/Users/valdenirsantana/.m2/repository/org/springframework/spring-jcl/5.3.22/spring-jcl-5.3.22.jar:/Users/valdenirsantana/.m2/repository/org/springframework/spring-test/5.3.22/spring-test-5.3.22.jar:/Users/valdenirsantana/.m2/repository/org/xmlunit/xmlunit-core/2.9.0/xmlunit-core-2.9.0.jar:/Users/valdenirsantana/.m2/repository/org/springframework/boot/spring-boot-starter-aop/2.7.3/spring-boot-starter-aop-2.7.3.jar:/Users/valdenirsantana/.m2/repository/org/springframework/spring-aop/5.3.22/spring-aop-5.3.22.jar:/Users/valdenirsantana/.m2/repository/org/aspectj/aspectjweaver/1.9.7/aspectjweaver-1.9.7.jar:/Users/valdenirsantana/.m2/repository/io/github/resilience4j/resilience4j-spring-boot2/1.7.0/resilience4j-spring-boot2-1.7.0.jar:/Users/valdenirsantana/.m2/repository/io/vavr/vavr/0.10.2/vavr-0.10.2.jar:/Users/valdenirsantana/.m2/repository/io/vavr/vavr-match/0.10.2/vavr-match-0.10.2.jar:/Users/valdenirsantana/.m2/repository/org/slf4j/slf4j-api/1.7.36/slf4j-api-1.7.36.jar:/Users/valdenirsantana/.m2/repository/io/github/resilience4j/resilience4j-spring/1.7.0/resilience4j-spring-1.7.0.jar:/Users/valdenirsantana/.m2/repository/io/github/resilience4j/resilience4j-annotations/1.7.0/resilience4j-annotations-1.7.0.jar:/Users/valdenirsantana/.m2/repository/io/github/resilience4j/resilience4j-consumer/1.7.0/resilience4j-consumer-1.7.0.jar:/Users/valdenirsantana/.m2/repository/io/github/resilience4j/resilience4j-circularbuffer/1.7.0/resilience4j-circularbuffer-1.7.0.jar:/Users/valdenirsantana/.m2/repository/io/github/resilience4j/resilience4j-framework-common/1.7.0/resilience4j-framework-common-1.7.0.jar:/Users/valdenirsantana/.m2/repository/io/github/resilience4j/resilience4j-ratelimiter/1.7.0/resilience4j-ratelimiter-1.7.0.jar:/Users/valdenirsantana/.m2/repository/io/github/resilience4j/resilience4j-retry/1.7.0/resilience4j-retry-1.7.0.jar:/Users/valdenirsantana/.m2/repository/io/github/resilience4j/resilience4j-bulkhead/1.7.0/resilience4j-bulkhead-1.7.0.jar:/Users/valdenirsantana/.m2/repository/io/github/resilience4j/resilience4j-timelimiter/1.7.0/resilience4j-timelimiter-1.7.0.jar:/Users/valdenirsantana/.m2/repository/io/github/resilience4j/resilience4j-micrometer/1.7.0/resilience4j-micrometer-1.7.0.jar:/Users/valdenirsantana/.m2/repository/io/github/resilience4j/resilience4j-circuitbreaker/1.7.0/resilience4j-circuitbreaker-1.7.0.jar:/Users/valdenirsantana/.m2/repository/io/github/resilience4j/resilience4j-core/1.7.0/resilience4j-core-1.7.0.jar:/Users/valdenirsantana/.m2/repository/org/springframework/cloud/spring-cloud-starter-openfeign/3.1.3/spring-cloud-starter-openfeign-3.1.3.jar:/Users/valdenirsantana/.m2/repository/org/springframework/cloud/spring-cloud-starter/3.1.3/spring-cloud-starter-3.1.3.jar:/Users/valdenirsantana/.m2/repository/org/springframework/cloud/spring-cloud-context/3.1.3/spring-cloud-context-3.1.3.jar:/Users/valdenirsantana/.m2/repository/org/springframework/security/spring-security-rsa/1.0.10.RELEASE/spring-security-rsa-1.0.10.RELEASE.jar:/Users/valdenirsantana/.m2/repository/org/bouncycastle/bcpkix-jdk15on/1.68/bcpkix-jdk15on-1.68.jar:/Users/valdenirsantana/.m2/repository/org/bouncycastle/bcprov-jdk15on/1.68/bcprov-jdk15on-1.68.jar:/Users/valdenirsantana/.m2/repository/org/springframework/cloud/spring-cloud-openfeign-core/3.1.3/spring-cloud-openfeign-core-3.1.3.jar:/Users/valdenirsantana/.m2/repository/io/github/openfeign/form/feign-form-spring/3.8.0/feign-form-spring-3.8.0.jar:/Users/valdenirsantana/.m2/repository/io/github/openfeign/form/feign-form/3.8.0/feign-form-3.8.0.jar:/Users/valdenirsantana/.m2/repository/commons-fileupload/commons-fileupload/1.4/commons-fileupload-1.4.jar:/Users/valdenirsantana/.m2/repository/commons-io/commons-io/2.2/commons-io-2.2.jar:/Users/valdenirsantana/.m2/repository/org/springframework/cloud/spring-cloud-commons/3.1.3/spring-cloud-commons-3.1.3.jar:/Users/valdenirsantana/.m2/repository/org/springframework/security/spring-security-crypto/5.7.3/spring-security-crypto-5.7.3.jar:/Users/valdenirsantana/.m2/repository/io/github/openfeign/feign-core/11.8/feign-core-11.8.jar:/Users/valdenirsantana/.m2/repository/io/github/openfeign/feign-slf4j/11.8/feign-slf4j-11.8.jar:/Users/valdenirsantana/.m2/repository/io/github/openfeign/feign-httpclient/11.8/feign-httpclient-11.8.jar:/Users/valdenirsantana/.m2/repository/org/apache/httpcomponents/httpclient/4.5.13/httpclient-4.5.13.jar:/Users/valdenirsantana/.m2/repository/org/apache/httpcomponents/httpcore/4.4.15/httpcore-4.4.15.jar:/Users/valdenirsantana/.m2/repository/commons-codec/commons-codec/1.15/commons-codec-1.15.jar:"/>
    <property name="java.vm.vendor" value="Azul Systems, Inc."/>
    <property name="sun.arch.data.model" value="64"/>
    <property name="java.vendor.url" value="http://www.azul.com/"/>
    <property name="os.name" value="Mac OS X"/>
    <property name="java.vm.specification.version" value="18"/>
    <property name="sun.java.launcher" value="SUN_STANDARD"/>
    <property name="user.country" value="BR"/>
    <property name="sun.boot.library.path" value="/Users/valdenirsantana/.sdkman/candidates/java/18.0.1.fx-zulu/zulu-18.jdk/Contents/Home/lib"/>
    <property name="sun.java.command" value="/Users/valdenirsantana/Documents/Java/poc-resilience4j/target/surefire/surefirebooter14705400927222677626.jar /Users/valdenirsantana/Documents/Java/poc-resilience4j/target/surefire 2022-09-06T23-55-24_304-jvmRun1 surefire13438296654935753176tmp surefire_06381548498261500956tmp"/>
    <property name="http.nonProxyHosts" value="local|*.local|169.254/16|*.169.254/16"/>
    <property name="jdk.debug" value="release"/>
    <property name="surefire.test.class.path" value="/Users/valdenirsantana/Documents/Java/poc-resilience4j/target/test-classes:/Users/valdenirsantana/Documents/Java/poc-resilience4j/target/classes:/Users/valdenirsantana/.m2/repository/org/springframework/boot/spring-boot-starter-actuator/2.7.3/spring-boot-starter-actuator-2.7.3.jar:/Users/valdenirsantana/.m2/repository/org/springframework/boot/spring-boot-starter/2.7.3/spring-boot-starter-2.7.3.jar:/Users/valdenirsantana/.m2/repository/org/springframework/boot/spring-boot/2.7.3/spring-boot-2.7.3.jar:/Users/valdenirsantana/.m2/repository/org/springframework/boot/spring-boot-autoconfigure/2.7.3/spring-boot-autoconfigure-2.7.3.jar:/Users/valdenirsantana/.m2/repository/org/springframework/boot/spring-boot-starter-logging/2.7.3/spring-boot-starter-logging-2.7.3.jar:/Users/valdenirsantana/.m2/repository/ch/qos/logback/logback-classic/1.2.11/logback-classic-1.2.11.jar:/Users/valdenirsantana/.m2/repository/ch/qos/logback/logback-core/1.2.11/logback-core-1.2.11.jar:/Users/valdenirsantana/.m2/repository/org/apache/logging/log4j/log4j-to-slf4j/2.17.2/log4j-to-slf4j-2.17.2.jar:/Users/valdenirsantana/.m2/repository/org/apache/logging/log4j/log4j-api/2.17.2/log4j-api-2.17.2.jar:/Users/valdenirsantana/.m2/repository/org/slf4j/jul-to-slf4j/1.7.36/jul-to-slf4j-1.7.36.jar:/Users/valdenirsantana/.m2/repository/jakarta/annotation/jakarta.annotation-api/1.3.5/jakarta.annotation-api-1.3.5.jar:/Users/valdenirsantana/.m2/repository/org/yaml/snakeyaml/1.30/snakeyaml-1.30.jar:/Users/valdenirsantana/.m2/repository/org/springframework/boot/spring-boot-actuator-autoconfigure/2.7.3/spring-boot-actuator-autoconfigure-2.7.3.jar:/Users/valdenirsantana/.m2/repository/org/springframework/boot/spring-boot-actuator/2.7.3/spring-boot-actuator-2.7.3.jar:/Users/valdenirsantana/.m2/repository/com/fasterxml/jackson/core/jackson-databind/2.13.3/jackson-databind-2.13.3.jar:/Users/valdenirsantana/.m2/repository/com/fasterxml/jackson/core/jackson-annotations/2.13.3/jackson-annotations-2.13.3.jar:/Users/valdenirsantana/.m2/repository/com/fasterxml/jackson/core/jackson-core/2.13.3/jackson-core-2.13.3.jar:/Users/valdenirsantana/.m2/repository/com/fasterxml/jackson/datatype/jackson-datatype-jsr310/2.13.3/jackson-datatype-jsr310-2.13.3.jar:/Users/valdenirsantana/.m2/repository/io/micrometer/micrometer-core/1.9.3/micrometer-core-1.9.3.jar:/Users/valdenirsantana/.m2/repository/org/hdrhistogram/HdrHistogram/2.1.12/HdrHistogram-2.1.12.jar:/Users/valdenirsantana/.m2/repository/org/latencyutils/LatencyUtils/2.0.3/LatencyUtils-2.0.3.jar:/Users/valdenirsantana/.m2/repository/io/micrometer/micrometer-registry-prometheus/1.9.3/micrometer-registry-prometheus-1.9.3.jar:/Users/valdenirsantana/.m2/repository/io/prometheus/simpleclient_common/0.15.0/simpleclient_common-0.15.0.jar:/Users/valdenirsantana/.m2/repository/io/prometheus/simpleclient/0.15.0/simpleclient-0.15.0.jar:/Users/valdenirsantana/.m2/repository/io/prometheus/simpleclient_tracer_otel/0.15.0/simpleclient_tracer_otel-0.15.0.jar:/Users/valdenirsantana/.m2/repository/io/prometheus/simpleclient_tracer_common/0.15.0/simpleclient_tracer_common-0.15.0.jar:/Users/valdenirsantana/.m2/repository/io/prometheus/simpleclient_tracer_otel_agent/0.15.0/simpleclient_tracer_otel_agent-0.15.0.jar:/Users/valdenirsantana/.m2/repository/org/springframework/boot/spring-boot-starter-web/2.7.3/spring-boot-starter-web-2.7.3.jar:/Users/valdenirsantana/.m2/repository/org/springframework/boot/spring-boot-starter-json/2.7.3/spring-boot-starter-json-2.7.3.jar:/Users/valdenirsantana/.m2/repository/com/fasterxml/jackson/datatype/jackson-datatype-jdk8/2.13.3/jackson-datatype-jdk8-2.13.3.jar:/Users/valdenirsantana/.m2/repository/com/fasterxml/jackson/module/jackson-module-parameter-names/2.13.3/jackson-module-parameter-names-2.13.3.jar:/Users/valdenirsantana/.m2/repository/org/springframework/boot/spring-boot-starter-tomcat/2.7.3/spring-boot-starter-tomcat-2.7.3.jar:/Users/valdenirsantana/.m2/repository/org/apache/tomcat/embed/tomcat-embed-core/9.0.65/tomcat-embed-core-9.0.65.jar:/Users/valdenirsantana/.m2/repository/org/apache/tomcat/embed/tomcat-embed-el/9.0.65/tomcat-embed-el-9.0.65.jar:/Users/valdenirsantana/.m2/repository/org/apache/tomcat/embed/tomcat-embed-websocket/9.0.65/tomcat-embed-websocket-9.0.65.jar:/Users/valdenirsantana/.m2/repository/org/springframework/spring-web/5.3.22/spring-web-5.3.22.jar:/Users/valdenirsantana/.m2/repository/org/springframework/spring-beans/5.3.22/spring-beans-5.3.22.jar:/Users/valdenirsantana/.m2/repository/org/springframework/spring-webmvc/5.3.22/spring-webmvc-5.3.22.jar:/Users/valdenirsantana/.m2/repository/org/springframework/spring-context/5.3.22/spring-context-5.3.22.jar:/Users/valdenirsantana/.m2/repository/org/springframework/spring-expression/5.3.22/spring-expression-5.3.22.jar:/Users/valdenirsantana/.m2/repository/org/springframework/boot/spring-boot-starter-test/2.7.3/spring-boot-starter-test-2.7.3.jar:/Users/valdenirsantana/.m2/repository/org/springframework/boot/spring-boot-test/2.7.3/spring-boot-test-2.7.3.jar:/Users/valdenirsantana/.m2/repository/org/springframework/boot/spring-boot-test-autoconfigure/2.7.3/spring-boot-test-autoconfigure-2.7.3.jar:/Users/valdenirsantana/.m2/repository/com/jayway/jsonpath/json-path/2.7.0/json-path-2.7.0.jar:/Users/valdenirsantana/.m2/repository/net/minidev/json-smart/2.4.8/json-smart-2.4.8.jar:/Users/valdenirsantana/.m2/repository/net/minidev/accessors-smart/2.4.8/accessors-smart-2.4.8.jar:/Users/valdenirsantana/.m2/repository/org/ow2/asm/asm/9.1/asm-9.1.jar:/Users/valdenirsantana/.m2/repository/jakarta/xml/bind/jakarta.xml.bind-api/2.3.3/jakarta.xml.bind-api-2.3.3.jar:/Users/valdenirsantana/.m2/repository/jakarta/activation/jakarta.activation-api/1.2.2/jakarta.activation-api-1.2.2.jar:/Users/valdenirsantana/.m2/repository/org/assertj/assertj-core/3.22.0/assertj-core-3.22.0.jar:/Users/valdenirsantana/.m2/repository/org/hamcrest/hamcrest/2.2/hamcrest-2.2.jar:/Users/valdenirsantana/.m2/repository/org/junit/jupiter/junit-jupiter/5.8.2/junit-jupiter-5.8.2.jar:/Users/valdenirsantana/.m2/repository/org/junit/jupiter/junit-jupiter-api/5.8.2/junit-jupiter-api-5.8.2.jar:/Users/valdenirsantana/.m2/repository/org/opentest4j/opentest4j/1.2.0/opentest4j-1.2.0.jar:/Users/valdenirsantana/.m2/repository/org/junit/platform/junit-platform-commons/1.8.2/junit-platform-commons-1.8.2.jar:/Users/valdenirsantana/.m2/repository/org/apiguardian/apiguardian-api/1.1.2/apiguardian-api-1.1.2.jar:/Users/valdenirsantana/.m2/repository/org/junit/jupiter/junit-jupiter-params/5.8.2/junit-jupiter-params-5.8.2.jar:/Users/valdenirsantana/.m2/repository/org/junit/jupiter/junit-jupiter-engine/5.8.2/junit-jupiter-engine-5.8.2.jar:/Users/valdenirsantana/.m2/repository/org/junit/platform/junit-platform-engine/1.8.2/junit-platform-engine-1.8.2.jar:/Users/valdenirsantana/.m2/repository/org/mockito/mockito-core/4.5.1/mockito-core-4.5.1.jar:/Users/valdenirsantana/.m2/repository/net/bytebuddy/byte-buddy/1.12.13/byte-buddy-1.12.13.jar:/Users/valdenirsantana/.m2/repository/net/bytebuddy/byte-buddy-agent/1.12.13/byte-buddy-agent-1.12.13.jar:/Users/valdenirsantana/.m2/repository/org/objenesis/objenesis/3.2/objenesis-3.2.jar:/Users/valdenirsantana/.m2/repository/org/mockito/mockito-junit-jupiter/4.5.1/mockito-junit-jupiter-4.5.1.jar:/Users/valdenirsantana/.m2/repository/org/skyscreamer/jsonassert/1.5.1/jsonassert-1.5.1.jar:/Users/valdenirsantana/.m2/repository/com/vaadin/external/google/android-json/0.0.20131108.vaadin1/android-json-0.0.20131108.vaadin1.jar:/Users/valdenirsantana/.m2/repository/org/springframework/spring-core/5.3.22/spring-core-5.3.22.jar:/Users/valdenirsantana/.m2/repository/org/springframework/spring-jcl/5.3.22/spring-jcl-5.3.22.jar:/Users/valdenirsantana/.m2/repository/org/springframework/spring-test/5.3.22/spring-test-5.3.22.jar:/Users/valdenirsantana/.m2/repository/org/xmlunit/xmlunit-core/2.9.0/xmlunit-core-2.9.0.jar:/Users/valdenirsantana/.m2/repository/org/springframework/boot/spring-boot-starter-aop/2.7.3/spring-boot-starter-aop-2.7.3.jar:/Users/valdenirsantana/.m2/repository/org/springframework/spring-aop/5.3.22/spring-aop-5.3.22.jar:/Users/valdenirsantana/.m2/repository/org/aspectj/aspectjweaver/1.9.7/aspectjweaver-1.9.7.jar:/Users/valdenirsantana/.m2/repository/io/github/resilience4j/resilience4j-spring-boot2/1.7.0/resilience4j-spring-boot2-1.7.0.jar:/Users/valdenirsantana/.m2/repository/io/vavr/vavr/0.10.2/vavr-0.10.2.jar:/Users/valdenirsantana/.m2/repository/io/vavr/vavr-match/0.10.2/vavr-match-0.10.2.jar:/Users/valdenirsantana/.m2/repository/org/slf4j/slf4j-api/1.7.36/slf4j-api-1.7.36.jar:/Users/valdenirsantana/.m2/repository/io/github/resilience4j/resilience4j-spring/1.7.0/resilience4j-spring-1.7.0.jar:/Users/valdenirsantana/.m2/repository/io/github/resilience4j/resilience4j-annotations/1.7.0/resilience4j-annotations-1.7.0.jar:/Users/valdenirsantana/.m2/repository/io/github/resilience4j/resilience4j-consumer/1.7.0/resilience4j-consumer-1.7.0.jar:/Users/valdenirsantana/.m2/repository/io/github/resilience4j/resilience4j-circularbuffer/1.7.0/resilience4j-circularbuffer-1.7.0.jar:/Users/valdenirsantana/.m2/repository/io/github/resilience4j/resilience4j-framework-common/1.7.0/resilience4j-framework-common-1.7.0.jar:/Users/valdenirsantana/.m2/repository/io/github/resilience4j/resilience4j-ratelimiter/1.7.0/resilience4j-ratelimiter-1.7.0.jar:/Users/valdenirsantana/.m2/repository/io/github/resilience4j/resilience4j-retry/1.7.0/resilience4j-retry-1.7.0.jar:/Users/valdenirsantana/.m2/repository/io/github/resilience4j/resilience4j-bulkhead/1.7.0/resilience4j-bulkhead-1.7.0.jar:/Users/valdenirsantana/.m2/repository/io/github/resilience4j/resilience4j-timelimiter/1.7.0/resilience4j-timelimiter-1.7.0.jar:/Users/valdenirsantana/.m2/repository/io/github/resilience4j/resilience4j-micrometer/1.7.0/resilience4j-micrometer-1.7.0.jar:/Users/valdenirsantana/.m2/repository/io/github/resilience4j/resilience4j-circuitbreaker/1.7.0/resilience4j-circuitbreaker-1.7.0.jar:/Users/valdenirsantana/.m2/repository/io/github/resilience4j/resilience4j-core/1.7.0/resilience4j-core-1.7.0.jar:/Users/valdenirsantana/.m2/repository/org/springframework/cloud/spring-cloud-starter-openfeign/3.1.3/spring-cloud-starter-openfeign-3.1.3.jar:/Users/valdenirsantana/.m2/repository/org/springframework/cloud/spring-cloud-starter/3.1.3/spring-cloud-starter-3.1.3.jar:/Users/valdenirsantana/.m2/repository/org/springframework/cloud/spring-cloud-context/3.1.3/spring-cloud-context-3.1.3.jar:/Users/valdenirsantana/.m2/repository/org/springframework/security/spring-security-rsa/1.0.10.RELEASE/spring-security-rsa-1.0.10.RELEASE.jar:/Users/valdenirsantana/.m2/repository/org/bouncycastle/bcpkix-jdk15on/1.68/bcpkix-jdk15on-1.68.jar:/Users/valdenirsantana/.m2/repository/org/bouncycastle/bcprov-jdk15on/1.68/bcprov-jdk15on-1.68.jar:/Users/valdenirsantana/.m2/repository/org/springframework/cloud/spring-cloud-openfeign-core/3.1.3/spring-cloud-openfeign-core-3.1.3.jar:/Users/valdenirsantana/.m2/repository/io/github/openfeign/form/feign-form-spring/3.8.0/feign-form-spring-3.8.0.jar:/Users/valdenirsantana/.m2/repository/io/github/openfeign/form/feign-form/3.8.0/feign-form-3.8.0.jar:/Users/valdenirsantana/.m2/repository/commons-fileupload/commons-fileupload/1.4/commons-fileupload-1.4.jar:/Users/valdenirsantana/.m2/repository/commons-io/commons-io/2.2/commons-io-2.2.jar:/Users/valdenirsantana/.m2/repository/org/springframework/cloud/spring-cloud-commons/3.1.3/spring-cloud-commons-3.1.3.jar:/Users/valdenirsantana/.m2/repository/org/springframework/security/spring-security-crypto/5.7.3/spring-security-crypto-5.7.3.jar:/Users/valdenirsantana/.m2/repository/io/github/openfeign/feign-core/11.8/feign-core-11.8.jar:/Users/valdenirsantana/.m2/repository/io/github/openfeign/feign-slf4j/11.8/feign-slf4j-11.8.jar:/Users/valdenirsantana/.m2/repository/io/github/openfeign/feign-httpclient/11.8/feign-httpclient-11.8.jar:/Users/valdenirsantana/.m2/repository/org/apache/httpcomponents/httpclient/4.5.13/httpclient-4.5.13.jar:/Users/valdenirsantana/.m2/repository/org/apache/httpcomponents/httpcore/4.4.15/httpcore-4.4.15.jar:/Users/valdenirsantana/.m2/repository/commons-codec/commons-codec/1.15/commons-codec-1.15.jar:"/>
    <property name="sun.cpu.endian" value="little"/>
    <property name="user.home" value="/Users/valdenirsantana"/>
    <property name="user.language" value="en"/>
    <property name="java.specification.vendor" value="Oracle Corporation"/>
    <property name="java.version.date" value="2022-04-19"/>
    <property name="java.home" value="/Users/valdenirsantana/.sdkman/candidates/java/18.0.1.fx-zulu/zulu-18.jdk/Contents/Home"/>
    <property name="file.separator" value="/"/>
    <property name="basedir" value="/Users/valdenirsantana/Documents/Java/poc-resilience4j"/>
    <property name="java.vm.compressedOopsMode" value="Zero based"/>
    <property name="line.separator" value="&#10;"/>
    <property name="java.vm.specification.vendor" value="Oracle Corporation"/>
    <property name="java.specification.name" value="Java Platform API Specification"/>
    <property name="apple.awt.application.name" value="ForkedBooter"/>
    <property name="surefire.real.class.path" value="/Users/valdenirsantana/Documents/Java/poc-resilience4j/target/surefire/surefirebooter14705400927222677626.jar"/>
    <property name="sun.management.compiler" value="HotSpot 64-Bit Tiered Compilers"/>
    <property name="ftp.nonProxyHosts" value="local|*.local|169.254/16|*.169.254/16"/>
    <property name="java.runtime.version" value="18.0.1+10"/>
    <property name="user.name" value="valdenirsantana"/>
    <property name="path.separator" value=":"/>
    <property name="os.version" value="12.5.1"/>
    <property name="java.runtime.name" value="OpenJDK Runtime Environment"/>
    <property name="file.encoding" value="UTF-8"/>
    <property name="java.vm.name" value="OpenJDK 64-Bit Server VM"/>
    <property name="java.vendor.version" value="Zulu18.30+11-CA"/>
    <property name="localRepository" value="/Users/valdenirsantana/.m2/repository"/>
    <property name="java.vendor.url.bug" value="http://www.azul.com/support/"/>
    <property name="java.io.tmpdir" value="/var/folders/nf/fjv25qs52576dpdwwkf9cc500000gn/T/"/>
    <property name="idea.version" value="2022.1.2"/>
    <property name="java.version" value="18.0.1"/>
    <property name="user.dir" value="/Users/valdenirsantana/Documents/Java/poc-resilience4j"/>
    <property name="os.arch" value="aarch64"/>
    <property name="java.vm.specification.name" value="Java Virtual Machine Specification"/>
    <property name="native.encoding" value="UTF-8"/>
    <property name="java.library.path" value="/Users/valdenirsantana/Library/Java/Extensions:/Library/Java/Extensions:/Network/Library/Java/Extensions:/System/Library/Java/Extensions:/usr/lib/java:."/>
    <property name="java.vm.info" value="mixed mode, sharing"/>
    <property name="java.vendor" value="Azul Systems, Inc."/>
    <property name="java.vm.version" value="18.0.1+10"/>
    <property name="sun.io.unicode.encoding" value="UnicodeBig"/>
    <property name="socksNonProxyHosts" value="local|*.local|169.254/16|*.169.254/16"/>
    <property name="java.class.version" value="62.0"/>
  </properties>
  <testcase name="contextLoads" classname="br.com.valdenirsantana.pocresilience4j.PocResilience4jApplicationTests" time="0.163"/>
</testsuite>